<?xml version="1.0" encoding="UTF-8"?>
<!-- Generated by org.testng.reporters.JUnitXMLReporter -->
<testsuite ignored="5" hostname="DESKTOP-FFD9RBS" failures="0" tests="1" name="Default test" time="33.122" errors="0" timestamp="2025-06-29T11:27:47 IST">
  <testcase classname="amazonDivyeshTestCase.HomePageCardSection" name="making_HomePage_Appliance_For_Your_Home_Card_Dynamically_Checking_All_four_Cards" time="32.764"/>
  <testcase classname="amazonDivyeshTestCase.HomePageCardSection" name="call_To_Action_Link_ExploreAll_Functionality_from_Revamp_your_Home_In_Style_ProductsCategoriesCards_Section" time="0.0">
    <ignored/>
  </testcase> <!-- call_To_Action_Link_ExploreAll_Functionality_from_Revamp_your_Home_In_Style_ProductsCategoriesCards_Section -->
  <testcase classname="amazonDivyeshTestCase.HomePageCardSection" name="making_HomePage_Product_Category_Cards_From_PlayStation_Five_Slim_Accessories_Card_Dynamically_Checking_All_four_Cards" time="0.0">
    <ignored/>
  </testcase> <!-- making_HomePage_Product_Category_Cards_From_PlayStation_Five_Slim_Accessories_Card_Dynamically_Checking_All_four_Cards -->
  <testcase classname="amazonDivyeshTestCase.HomePageCardSection" name="call_To_Action_link_SeeMore_working_functionality_from_Appliance_for_Your_home_ProductsCategoriesCard_section" time="0.0">
    <ignored/>
  </testcase> <!-- call_To_Action_link_SeeMore_working_functionality_from_Appliance_for_Your_home_ProductsCategoriesCard_section -->
  <testcase classname="amazonDivyeshTestCase.HomePageCardSection" name="call_To_Action_Link_SeeAllDeals_Functionality_From_PlayStation_Five_Slim" time="0.0">
    <ignored/>
  </testcase> <!-- call_To_Action_Link_SeeAllDeals_Functionality_From_PlayStation_Five_Slim -->
  <testcase classname="amazonDivyeshTestCase.HomePageCardSection" name="making_HomePage_Revamp_Your_Home_In_Style_Card_Dynamically_Checking_All_four_Cards" time="0.0">
    <ignored/>
  </testcase> <!-- making_HomePage_Revamp_Your_Home_In_Style_Card_Dynamically_Checking_All_four_Cards -->
</testsuite> <!-- Default test -->
