<?xml version="1.0" encoding="UTF-8"?>
<testng-results ignored="0" total="1" passed="1" failed="0" skipped="0">
  <reporter-output>
  </reporter-output>
  <suite started-at="2025-06-29T11:27:14 IST" name="Default suite" finished-at="2025-06-29T11:27:47 IST" duration-ms="33122">
    <groups>
    </groups>
    <test started-at="2025-06-29T11:27:14 IST" name="Default test" finished-at="2025-06-29T11:27:47 IST" duration-ms="33122">
      <class name="amazonDivyeshTestCase.HomePageCardSection">
        <test-method signature="making_HomePage_Appliance_For_Your_Home_Card_Dynamically_Checking_All_four_Cards()[pri:0, instance:amazonDivyeshTestCase.HomePageCardSection@179ece50]" started-at="2025-06-29T11:27:14 IST" name="making_HomePage_Appliance_For_Your_Home_Card_Dynamically_Checking_All_four_Cards" finished-at="2025-06-29T11:27:47 IST" duration-ms="32764" status="PASS">
          <reporter-output>
          </reporter-output>
        </test-method> <!-- making_HomePage_Appliance_For_Your_Home_Card_Dynamically_Checking_All_four_Cards -->
      </class> <!-- amazonDivyeshTestCase.HomePageCardSection -->
    </test> <!-- Default test -->
  </suite> <!-- Default suite -->
</testng-results>
